[1524106103531] GET /
[1524106126557] GET /
[1524106126613] GET /css/main.css
[1524106126614] GET /js/jquery.min.js
[1524106126618] GET /img/avatar_is.jpg
[1524106126623] GET /img/v_s.jpg
[1524106161675] GET /
[1524106161779] GET /css/main.css
[1524106161779] GET /js/jquery.min.js
[1524106161786] GET /img/avatar_is.jpg
[1524106161795] GET /img/v_s.jpg
[1524106162659] GET /
[1524106162732] GET /css/main.css
[1524106162732] GET /js/jquery.min.js
[1524106162737] GET /img/avatar_is.jpg
[1524106162741] GET /img/v_s.jpg
[1524106174119] GET /
[1524106174293] GET /css/main.css
[1524106174293] GET /js/jquery.min.js
[1524106174317] GET /img/avatar_is.jpg
[1524106174322] GET /img/v_s.jpg
[1524106193764] GET /
[1524106193815] GET /css/main.css
[1524106193816] GET /js/jquery.min.js
[1524106193824] GET /img/avatar_is.jpg
[1524106193828] GET /img/v_s.jpg
[1524106210275] GET /detail/1
[1524106239200] GET /detail/1
[1524106320503] GET /detail/1
[1524106391230] GET /detail/1
[1524106414343] GET /detail/1
[1524106684326] GET /detail/1
[1524106730917] GET /detail/1
[1524106803190] GET /detail/1
[1524106848197] GET /detail/1
[1524106873393] GET /detail/1
[1524106941589] GET /detail/1
[1524106966029] GET /detail/1
[1524106996990] GET /detail/1
[1524106997230] GET /css/main.css
[1524106997231] GET /js/jquery.min.js
[1524106997241] GET /detail/img/avatar_is.jpg
[1524106997245] GET /img/avatar_is.jpg
[1524106997249] GET /img/v_xs.jpg
[1524106997256] GET /img/xs2.jpg
[1524107073953] GET /
[1524107073992] GET /css/main.css
[1524107073992] GET /js/jquery.min.js
[1524107073998] GET /img/avatar_is.jpg
[1524107074002] GET /img/v_s.jpg
[1524107074052] GET /img/v_xs.jpg
[1524107100507] GET /detail/1
[1524107100799] GET /css/main.css
[1524107100799] GET /js/jquery.min.js
[1524107100805] GET /detail/img/avatar_is.jpg
[1524107100811] GET /img/avatar_is.jpg
[1524107100814] GET /img/v_xs.jpg
[1524107100818] GET /img/xs2.jpg
[1524119686284] GET /detail/detail/2
[1524119690031] GET /
[1524119690760] GET /js/jquery.min.js
[1524119690760] GET /css/main.css
[1524119690790] GET /img/avatar_is.jpg
[1524119690798] GET /img/v_s.jpg
[1524119690862] GET /img/v_xs.jpg
